[2017-12-23 20:23:11,276] INFO Starting the log cleaner (kafka.log.LogCleaner)
[2017-12-23 20:23:11,346] INFO [kafka-log-cleaner-thread-0]: Starting (kafka.log.LogCleaner)
[2017-12-23 20:35:06,625] INFO Shutting down the log cleaner. (kafka.log.LogCleaner)
[2017-12-23 20:35:06,647] INFO [kafka-log-cleaner-thread-0]: Shutting down (kafka.log.LogCleaner)
[2017-12-23 20:35:06,647] INFO [kafka-log-cleaner-thread-0]: Stopped (kafka.log.LogCleaner)
[2017-12-23 20:35:06,647] INFO [kafka-log-cleaner-thread-0]: Shutdown completed (kafka.log.LogCleaner)
[2017-12-23 20:35:43,206] INFO Starting the log cleaner (kafka.log.LogCleaner)
[2017-12-23 20:35:43,236] INFO [kafka-log-cleaner-thread-0]: Starting (kafka.log.LogCleaner)
[2017-12-23 20:35:43,267] INFO Starting the log cleaner (kafka.log.LogCleaner)
[2017-12-23 20:35:43,310] INFO [kafka-log-cleaner-thread-0]: Starting (kafka.log.LogCleaner)
[2017-12-23 20:35:43,969] INFO Starting the log cleaner (kafka.log.LogCleaner)
[2017-12-23 20:35:43,992] INFO [kafka-log-cleaner-thread-0]: Starting (kafka.log.LogCleaner)
[2017-12-23 20:43:58,270] INFO Shutting down the log cleaner. (kafka.log.LogCleaner)
[2017-12-23 20:43:58,271] INFO [kafka-log-cleaner-thread-0]: Shutting down (kafka.log.LogCleaner)
[2017-12-23 20:43:58,271] INFO [kafka-log-cleaner-thread-0]: Stopped (kafka.log.LogCleaner)
[2017-12-23 20:43:58,274] INFO Shutting down the log cleaner. (kafka.log.LogCleaner)
[2017-12-23 20:43:58,275] INFO [kafka-log-cleaner-thread-0]: Shutting down (kafka.log.LogCleaner)
[2017-12-23 20:43:58,275] INFO [kafka-log-cleaner-thread-0]: Stopped (kafka.log.LogCleaner)
[2017-12-23 20:43:58,284] INFO [kafka-log-cleaner-thread-0]: Shutdown completed (kafka.log.LogCleaner)
[2017-12-23 20:43:58,288] INFO [kafka-log-cleaner-thread-0]: Shutdown completed (kafka.log.LogCleaner)
[2017-12-23 20:43:58,646] INFO Shutting down the log cleaner. (kafka.log.LogCleaner)
[2017-12-23 20:43:58,646] INFO [kafka-log-cleaner-thread-0]: Shutting down (kafka.log.LogCleaner)
[2017-12-23 20:43:58,646] INFO [kafka-log-cleaner-thread-0]: Stopped (kafka.log.LogCleaner)
[2017-12-23 20:43:58,663] INFO [kafka-log-cleaner-thread-0]: Shutdown completed (kafka.log.LogCleaner)
[2017-12-23 20:44:40,777] INFO Starting the log cleaner (kafka.log.LogCleaner)
[2017-12-23 20:44:40,799] INFO [kafka-log-cleaner-thread-0]: Starting (kafka.log.LogCleaner)
[2017-12-23 20:44:43,714] INFO Starting the log cleaner (kafka.log.LogCleaner)
[2017-12-23 20:44:43,780] INFO [kafka-log-cleaner-thread-0]: Starting (kafka.log.LogCleaner)
[2017-12-23 20:44:48,168] INFO Starting the log cleaner (kafka.log.LogCleaner)
[2017-12-23 20:44:48,195] INFO [kafka-log-cleaner-thread-0]: Starting (kafka.log.LogCleaner)
[2017-12-23 20:55:34,758] INFO Shutting down the log cleaner. (kafka.log.LogCleaner)
[2017-12-23 20:55:34,760] INFO Shutting down the log cleaner. (kafka.log.LogCleaner)
[2017-12-23 20:55:34,761] INFO [kafka-log-cleaner-thread-0]: Shutting down (kafka.log.LogCleaner)
[2017-12-23 20:55:34,761] INFO [kafka-log-cleaner-thread-0]: Stopped (kafka.log.LogCleaner)
[2017-12-23 20:55:34,762] INFO [kafka-log-cleaner-thread-0]: Shutting down (kafka.log.LogCleaner)
[2017-12-23 20:55:34,762] INFO [kafka-log-cleaner-thread-0]: Stopped (kafka.log.LogCleaner)
[2017-12-23 20:55:34,762] INFO [kafka-log-cleaner-thread-0]: Shutdown completed (kafka.log.LogCleaner)
[2017-12-23 20:55:34,763] INFO [kafka-log-cleaner-thread-0]: Shutdown completed (kafka.log.LogCleaner)
[2017-12-23 20:55:35,157] INFO Shutting down the log cleaner. (kafka.log.LogCleaner)
[2017-12-23 20:55:35,158] INFO [kafka-log-cleaner-thread-0]: Shutting down (kafka.log.LogCleaner)
[2017-12-23 20:55:35,158] INFO [kafka-log-cleaner-thread-0]: Stopped (kafka.log.LogCleaner)
[2017-12-23 20:55:35,172] INFO [kafka-log-cleaner-thread-0]: Shutdown completed (kafka.log.LogCleaner)
